INFO:    underlay of /etc/localtime required more than 50 (86) bind mounts
===== Preprocessing ======
Removed 44 unusable effects
Substitution from predicate to state variable:
 - capacity
 - capacity_predecessor
Transforming static state functions as table constraints:
 - road
 - capacity_predecessor
==========================
0 Solving with 0 actions
  [0.001s] Populated
  [0.001s] Solved
1 Solving with 1 actions
  [0.001s] Populated
  [0.001s] Solved
2 Solving with 2 actions
  [0.002s] Populated
  [0.002s] Solved
3 Solving with 3 actions
  [0.002s] Populated
  [0.046s] Solved
4 Solving with 4 actions
  [0.046s] Populated
  [0.405s] Solved
5 Solving with 5 actions
  [0.406s] Populated
Command exited with non-zero status 124
%TIME 0:02.00 113428
%EXIT 124
NO OUTPUT
