INFO:    underlay of /etc/localtime required more than 50 (76) bind mounts
pandaPIparser is configured as follows
  Colors in output: true
  Mode: parsing mode
  Parameter splitting: true
  Conditional effects: exponential encoding
  Disjunctive preconditions as HTN: false
  Replace goal with action: false
  Output: pandaPI format
%TIME 0:00.19 36092
%EXIT 0
pandaPIparser is configured as follows
  Colors in output: false
  Mode: plan verification
  Verbosity: 1
  Lenient mode: false
  Ignore given order: false
Reading plan given as input
Parse instantiated task from " move[c,r3,d03]" ... done
Parsed action id=12 move c r3 d03
Parse instantiated task from " open[r3,r1,d13]" ... done
Parsed action id=26 open r3 r1 d13
Parse instantiated task from " move[r3,r1,d13]" ... done
Parsed action id=36 move r3 r1 d13
Parse instantiated task from " open[r1,r2,d12]" ... done
Parsed action id=57 open r1 r2 d12
Parse instantiated task from " __method_precondition_achieve-goals-pickup_split[r1,o1]" ... done
Parsed action id=93 __method_precondition_achieve-goals-pickup_split r1 o1
Parse instantiated task from " pickup[o1,r1]" ... done
Parsed action id=108 pickup o1 r1
Parse instantiated task from " move[r1,r3,d13]" ... done
Parsed action id=121 move r1 r3 d13
Parse instantiated task from " __method_precondition_release-putdown_abstract_split[r3,o1]" ... done
Parsed action id=134 __method_precondition_release-putdown_abstract_split r3 o1
Parse instantiated task from " putdown[o1,r3]" ... done
Parsed action id=140 putdown o1 r3
Parse instantiated task from " move[r3,r1,d13]" ... done
Parsed action id=154 move r3 r1 d13
Parse instantiated task from " __method_precondition_achieve-goals-pickup_split[r1,o2]" ... done
Parsed action id=204 __method_precondition_achieve-goals-pickup_split r1 o2
Parse instantiated task from " pickup[o2,r1]" ... done
Parsed action id=213 pickup o2 r1
Parse instantiated task from " move[r1,r2,d12]" ... done
Parsed action id=225 move r1 r2 d12
Parse instantiated task from " __method_precondition_release-putdown_abstract_split[r2,o2]" ... done
Parsed action id=232 __method_precondition_release-putdown_abstract_split r2 o2
Parse instantiated task from " putdown[o2,r2]" ... done
Parsed action id=241 putdown o2 r2
Parse instantiated task from " __noop" ... done
Parsed action id=244 __noop
Size of primitive plan: 16
Reading list of integers from " 0"
Root tasks (1): 0
Reading plan given as input
Parse instantiated task from "  achieve-goals[]" ... done
Parsed abstract task id=243 achieve-goals 
Parsed method name: finished
Subtasks: 244

Parse instantiated task from "  putdown_abstract[]" ... done
Parsed abstract task id=240 putdown_abstract 
Parsed method name: newMethod23
Subtasks: 241

Parse instantiated task from "  release-putdown_abstract_splitted_2[]" ... done
Parsed abstract task id=231 release-putdown_abstract_splitted_2 
Parsed method name: _splitting_method_release-putdown_abstract_splitted_2
Subtasks: 232

Parse instantiated task from "  release[]" ... done
Parsed abstract task id=227 release 
Parsed method name: release-putdown_abstract
Subtasks: 231 240 243

Parse instantiated task from "  move_abstract[]" ... done
Parsed abstract task id=224 move_abstract 
Parsed method name: newMethod24
Subtasks: 225

Parse instantiated task from "  release[]" ... done
Parsed abstract task id=215 release 
Parsed method name: release-move
Subtasks: 224 227

Parse instantiated task from "  pickup_abstract[o2]" ... done
Parsed abstract task id=212 pickup_abstract o2
Parsed method name: newMethod22
Subtasks: 213

Parse instantiated task from "  achieve-goals-pickup_splitted_3[]" ... done
Parsed abstract task id=203 achieve-goals-pickup_splitted_3 
Parsed method name: <_splitting_method_achieve-goals-pickup_splitted_3;achieve-goals-pickup_splitted_1[o2];_splitting_method_achieve-goals-pickup_splitted_1;0;-1,1>
Subtasks: 204 212

Parse instantiated task from "  achieve-goals[]" ... done
Parsed abstract task id=167 achieve-goals 
Parsed method name: achieve-goals-pickup
Subtasks: 203 215

Parse instantiated task from "  move_abstract[]" ... done
Parsed abstract task id=153 move_abstract 
Parsed method name: newMethod24
Subtasks: 154

Parse instantiated task from "  achieve-goals[]" ... done
Parsed abstract task id=150 achieve-goals 
Parsed method name: achieve-goals-move
Subtasks: 153 167

Parse instantiated task from "  putdown_abstract[]" ... done
Parsed abstract task id=139 putdown_abstract 
Parsed method name: newMethod23
Subtasks: 140

Parse instantiated task from "  release-putdown_abstract_splitted_2[]" ... done
Parsed abstract task id=133 release-putdown_abstract_splitted_2 
Parsed method name: _splitting_method_release-putdown_abstract_splitted_2
Subtasks: 134

Parse instantiated task from "  release[]" ... done
Parsed abstract task id=127 release 
Parsed method name: release-putdown_abstract
Subtasks: 133 139 150

Parse instantiated task from "  move_abstract[]" ... done
Parsed abstract task id=120 move_abstract 
Parsed method name: newMethod24
Subtasks: 121

Parse instantiated task from "  release[]" ... done
Parsed abstract task id=115 release 
Parsed method name: release-move
Subtasks: 120 127

Parse instantiated task from "  pickup_abstract[o1]" ... done
Parsed abstract task id=107 pickup_abstract o1
Parsed method name: newMethod22
Subtasks: 108

Parse instantiated task from "  achieve-goals-pickup_splitted_3[]" ... done
Parsed abstract task id=92 achieve-goals-pickup_splitted_3 
Parsed method name: <_splitting_method_achieve-goals-pickup_splitted_3;achieve-goals-pickup_splitted_1[o1];_splitting_method_achieve-goals-pickup_splitted_1;0;-1,1>
Subtasks: 93 107

Parse instantiated task from "  achieve-goals[]" ... done
Parsed abstract task id=64 achieve-goals 
Parsed method name: achieve-goals-pickup
Subtasks: 92 115

Parse instantiated task from "  open_abstract[]" ... done
Parsed abstract task id=56 open_abstract 
Parsed method name: newMethod25
Subtasks: 57

Parse instantiated task from "  achieve-goals[]" ... done
Parsed abstract task id=46 achieve-goals 
Parsed method name: achieve-goals-open
Subtasks: 56 64

Parse instantiated task from "  move_abstract[]" ... done
Parsed abstract task id=35 move_abstract 
Parsed method name: newMethod24
Subtasks: 36

Parse instantiated task from "  achieve-goals[]" ... done
Parsed abstract task id=32 achieve-goals 
Parsed method name: achieve-goals-move
Subtasks: 35 46

Parse instantiated task from "  open_abstract[]" ... done
Parsed abstract task id=25 open_abstract 
Parsed method name: newMethod25
Subtasks: 26

Parse instantiated task from "  achieve-goals[]" ... done
Parsed abstract task id=16 achieve-goals 
Parsed method name: achieve-goals-open
Subtasks: 25 32

Parse instantiated task from "  move_abstract[]" ... done
Parsed abstract task id=11 move_abstract 
Parsed method name: newMethod24
Subtasks: 12

Parse instantiated task from "  achieve-goals[]" ... done
Parsed abstract task id=3 achieve-goals 
Parsed method name: achieve-goals-move
Subtasks: 11 16

Parse instantiated task from "  __top[]" ... done
Parsed abstract task id=0 __top 
Parsed method name: __top_method
Subtasks: 3

Reached end of plan (marked).

Checking the given plan ...
IDs of subtasks used in the plan exist: true
Task with id=0 has wrong number of arguments. 1 are given in the plan, but the domain required 0 parameters.
Task with id=3 has wrong number of arguments. 1 are given in the plan, but the domain required 0 parameters.
Task with id=11 has wrong number of arguments. 1 are given in the plan, but the domain required 0 parameters.
Task with id=16 has wrong number of arguments. 1 are given in the plan, but the domain required 0 parameters.
Task with id=25 has wrong number of arguments. 1 are given in the plan, but the domain required 0 parameters.
Task with id=32 has wrong number of arguments. 1 are given in the plan, but the domain required 0 parameters.
Task with id=35 has wrong number of arguments. 1 are given in the plan, but the domain required 0 parameters.
Task with id=46 has wrong number of arguments. 1 are given in the plan, but the domain required 0 parameters.
Task with id=56 has wrong number of arguments. 1 are given in the plan, but the domain required 0 parameters.
Task with id=64 has wrong number of arguments. 1 are given in the plan, but the domain required 0 parameters.
Task with id=92 and task name "achieve-goals-pickup_splitted_3" is not declared in the domain.
Task with id=93 and task name "__method_precondition_achieve-goals-pickup_split" is not declared in the domain.
Task with id=115 has wrong number of arguments. 1 are given in the plan, but the domain required 0 parameters.
Task with id=120 has wrong number of arguments. 1 are given in the plan, but the domain required 0 parameters.
Task with id=127 has wrong number of arguments. 1 are given in the plan, but the domain required 0 parameters.
Task with id=133 and task name "release-putdown_abstract_splitted_2" is not declared in the domain.
Task with id=134 and task name "__method_precondition_release-putdown_abstract_split" is not declared in the domain.
Task with id=139 has wrong number of arguments. 1 are given in the plan, but the domain required 0 parameters.
Task with id=150 has wrong number of arguments. 1 are given in the plan, but the domain required 0 parameters.
Task with id=153 has wrong number of arguments. 1 are given in the plan, but the domain required 0 parameters.
Task with id=167 has wrong number of arguments. 1 are given in the plan, but the domain required 0 parameters.
Task with id=203 and task name "achieve-goals-pickup_splitted_3" is not declared in the domain.
Task with id=204 and task name "__method_precondition_achieve-goals-pickup_split" is not declared in the domain.
Task with id=215 has wrong number of arguments. 1 are given in the plan, but the domain required 0 parameters.
Task with id=224 has wrong number of arguments. 1 are given in the plan, but the domain required 0 parameters.
Task with id=227 has wrong number of arguments. 1 are given in the plan, but the domain required 0 parameters.
Task with id=231 and task name "release-putdown_abstract_splitted_2" is not declared in the domain.
Task with id=232 and task name "__method_precondition_release-putdown_abstract_split" is not declared in the domain.
Task with id=240 has wrong number of arguments. 1 are given in the plan, but the domain required 0 parameters.
Task with id=243 has wrong number of arguments. 1 are given in the plan, but the domain required 0 parameters.
Task with id=244 and task name "__noop" is not declared in the domain.
Tasks declared in plan actually exist and can be instantiated as given: false
Methods don't contain duplicate subtasks: true
Methods don't contain orphaned tasks: true
Plan verification result: false
