INFO:    underlay of /etc/localtime required more than 50 (76) bind mounts
pandaPIparser is configured as follows
  Colors in output: true
  Mode: parsing mode
  Parameter splitting: true
  Conditional effects: exponential encoding
  Disjunctive preconditions as HTN: false
  Replace goal with action: false
  Output: pandaPI format
TUUP sort_for_px0y0
TUUP sort_for_px0y1
TUUP sort_for_px0y2
TUUP sort_for_px1y0
TUUP sort_for_px1y1
TUUP sort_for_px1y2
TUUP sort_for_px2y0
TUUP sort_for_px2y1
TUUP sort_for_px2y2
%TIME 0:00.28 37644
%EXIT 0
pandaPIparser is configured as follows
  Colors in output: false
  Mode: plan verification
  Verbosity: 1
  Lenient mode: false
  Ignore given order: false
Reading plan given as input
Parse instantiated task from " __method_precondition_hunt_all_split[viper,px0y0,px2y2,px0y1]" ... done
Parsed action id=12 __method_precondition_hunt_all_split viper px0y0 px2y2 px0y1
Parse instantiated task from " __method_precondition_move-short-snake[viper,px2y2,px1y2]" ... done
Parsed action id=25 __method_precondition_move-short-snake viper px2y2 px1y2
Parse instantiated task from " move-short[viper,px1y2,px2y2]" ... done
Parsed action id=26 move-short viper px1y2 px2y2
Parse instantiated task from " __method_precondition_move-short-snake[viper,px1y2,px0y2]" ... done
Parsed action id=33 __method_precondition_move-short-snake viper px1y2 px0y2
Parse instantiated task from " move-short[viper,px0y2,px1y2]" ... done
Parsed action id=34 move-short viper px0y2 px1y2
Parse instantiated task from " __method_precondition_move-short-snake[viper,px0y2,px0y1]" ... done
Parsed action id=44 __method_precondition_move-short-snake viper px0y2 px0y1
Parse instantiated task from " move-short[viper,px0y1,px0y2]" ... done
Parsed action id=45 move-short viper px0y1 px0y2
Parse instantiated task from " __noop" ... done
Parsed action id=52 __noop
Parse instantiated task from " strike[viper,px0y1,px0y0]" ... done
Parsed action id=53 strike viper px0y1 px0y0
Parse instantiated task from " __method_precondition_hunt_done[]" ... done
Parsed action id=81 __method_precondition_hunt_done 
Size of primitive plan: 10
Reading list of integers from " 0"
Root tasks (1): 0
Reading plan given as input
Parse instantiated task from "  hunt[]" ... done
Parsed abstract task id=80 hunt 
Parsed method name: hunt_done
Subtasks: 81

Parse instantiated task from "  move[viper,px0y1,px0y1]" ... done
Parsed abstract task id=51 move viper px0y1 px0y1
Parsed method name: move-base
Subtasks: 52

Parse instantiated task from "  move[viper,px0y2,px0y1]" ... done
Parsed abstract task id=43 move viper px0y2 px0y1
Parsed method name: move-short-snake
Subtasks: 44 45 51

Parse instantiated task from "  move[viper,px1y2,px0y1]" ... done
Parsed abstract task id=32 move viper px1y2 px0y1
Parsed method name: move-short-snake
Subtasks: 33 34 43

Parse instantiated task from "  move[viper,px2y2,px0y1]" ... done
Parsed abstract task id=24 move viper px2y2 px0y1
Parsed method name: move-short-snake
Subtasks: 25 26 32

Parse instantiated task from "  _splitting_method_hunt_all_splitted_1_splitted_3[viper,px0y1,px0y0]" ... done
Parsed abstract task id=11 _splitting_method_hunt_all_splitted_1_splitted_3 viper px0y1 px0y0
Parsed method name: _splitting_method__splitting_method_hunt_all_splitted_1_splitted_3
Subtasks: 12 24

Parse instantiated task from "  hunt_all_splitted_1[viper]" ... done
Parsed abstract task id=3 hunt_all_splitted_1 viper
Parsed method name: _splitting_method_hunt_all_splitted_1
Subtasks: 11 53

Parse instantiated task from "  hunt[]" ... done
Parsed abstract task id=2 hunt 
Parsed method name: hunt_all
Subtasks: 3 80

Parse instantiated task from "  __top[]" ... done
Parsed abstract task id=0 __top 
Parsed method name: __top_method
Subtasks: 2

Reached end of plan (marked).

Checking the given plan ...
IDs of subtasks used in the plan exist: true
Task with id=0 has wrong number of arguments. 1 are given in the plan, but the domain required 0 parameters.
Task with id=2 has wrong number of arguments. 1 are given in the plan, but the domain required 0 parameters.
Task with id=3 and task name "hunt_all_splitted_1" is not declared in the domain.
Task with id=11 and task name "_splitting_method_hunt_all_splitted_1_splitted_3" is not declared in the domain.
Task with id=12 and task name "__method_precondition_hunt_all_split" is not declared in the domain.
Task with id=25 and task name "__method_precondition_move-short-snake" is not declared in the domain.
Task with id=33 and task name "__method_precondition_move-short-snake" is not declared in the domain.
Task with id=44 and task name "__method_precondition_move-short-snake" is not declared in the domain.
Task with id=52 and task name "__noop" is not declared in the domain.
Task with id=80 has wrong number of arguments. 1 are given in the plan, but the domain required 0 parameters.
Task with id=81 and task name "__method_precondition_hunt_done" is not declared in the domain.
Tasks declared in plan actually exist and can be instantiated as given: false
Methods don't contain duplicate subtasks: true
Methods don't contain orphaned tasks: true
Plan verification result: false
