INFO:    underlay of /etc/localtime required more than 50 (76) bind mounts
pandaPIparser is configured as follows
  Colors in output: true
  Mode: parsing mode
  Parameter splitting: true
  Conditional effects: exponential encoding
  Disjunctive preconditions as HTN: false
  Replace goal with action: false
  Output: pandaPI format
TUUP sort_for_px0y0
TUUP sort_for_px0y1
TUUP sort_for_px0y2
TUUP sort_for_px1y0
TUUP sort_for_px1y1
TUUP sort_for_px1y2
TUUP sort_for_px2y0
TUUP sort_for_px2y1
TUUP sort_for_px2y2
/.singularity.d/runscript: 27: Syntax error: "(" unexpected
Command exited with non-zero status 2
%TIME 0:00.23 37196
%EXIT 2
NO OUTPUT
