WARNING: 'nodev' mount option set on /tmp, it could be a source of failure during build process
INFO:    Starting build...
Getting image source signatures
Copying blob sha256:dbf6a9befcdeecbb8813406afbd62ce81394e3869d84599f19f941aa5c74f3d1
Copying config sha256:3b418d7b466ac6275a6bfcb0c86fbe4422ff6ea0af444a294f82d3bf5173ce74
Writing manifest to image destination
Storing signatures
2023/05/14 13:54:04  info unpack layer: sha256:dbf6a9befcdeecbb8813406afbd62ce81394e3869d84599f19f941aa5c74f3d1
INFO:    Running setup scriptlet
INFO:    Copying . to /planner
INFO:    Running post scriptlet
+ apt-get update
Get:1 http://archive.ubuntu.com/ubuntu jammy InRelease [270 kB]
Get:2 http://security.ubuntu.com/ubuntu jammy-security InRelease [110 kB]
Get:3 http://archive.ubuntu.com/ubuntu jammy-updates InRelease [119 kB]
Get:4 http://archive.ubuntu.com/ubuntu jammy-backports InRelease [108 kB]
Get:5 http://security.ubuntu.com/ubuntu jammy-security/multiverse amd64 Packages [36.3 kB]
Get:6 http://security.ubuntu.com/ubuntu jammy-security/main amd64 Packages [459 kB]
Get:7 http://archive.ubuntu.com/ubuntu jammy/restricted amd64 Packages [164 kB]
Get:8 http://security.ubuntu.com/ubuntu jammy-security/restricted amd64 Packages [291 kB]
Get:9 http://archive.ubuntu.com/ubuntu jammy/main amd64 Packages [1792 kB]
Get:10 http://security.ubuntu.com/ubuntu jammy-security/universe amd64 Packages [901 kB]
Get:11 http://archive.ubuntu.com/ubuntu jammy/universe amd64 Packages [17.5 MB]
Get:12 http://archive.ubuntu.com/ubuntu jammy/multiverse amd64 Packages [266 kB]
Get:13 http://archive.ubuntu.com/ubuntu jammy-updates/restricted amd64 Packages [292 kB]
Get:14 http://archive.ubuntu.com/ubuntu jammy-updates/main amd64 Packages [738 kB]
Get:15 http://archive.ubuntu.com/ubuntu jammy-updates/multiverse amd64 Packages [42.2 kB]
Get:16 http://archive.ubuntu.com/ubuntu jammy-updates/universe amd64 Packages [1135 kB]
Get:17 http://archive.ubuntu.com/ubuntu jammy-backports/main amd64 Packages [49.4 kB]
Get:18 http://archive.ubuntu.com/ubuntu jammy-backports/universe amd64 Packages [25.6 kB]
Fetched 24.3 MB in 4s (5516 kB/s)
Reading package lists...
+ apt-get -y install make cmake flex bison python-dev libreadline-dev g++
Reading package lists...
Building dependency tree...
Reading state information...
Package python-dev is not available, but is referred to by another package.
This may mean that the package is missing, has been obsoleted, or
is only available from another source
However the following packages replace it:
  python2-dev python2 python-dev-is-python3

E: Package 'python-dev' has no installation candidate
FATAL:   While performing build: while running engine: exit status 100
Command exited with non-zero status 255
%TIME 0:11.04 57172
%EXIT 255
